<?xml version="1.0" encoding="UTF-8"?>
<TestRun id="a9526e84-7447-471b-890b-002dfe67add6" name="ngcbassman@NGCBASSMAN-NOTE 2011-12-04 12:10:27" runUser="NGCBASSMAN-NOTE\ngcbassman" xmlns="http://microsoft.com/schemas/VisualStudio/TeamTest/2010">
  <TestSettings name="Local" id="b4791b2a-ba4a-40d1-9363-9a64eaad0ef8">
    <Description>These are default test settings for a local test run.</Description>
    <Deployment runDeploymentRoot="ngcbassman_NGCBASSMAN-NOTE 2011-12-04 12_10_27">
      <DeploymentItem filename="C:\Users\ngcbassman\Documents\Visual Studio 2010\Projects\Taem\TAEM.Business\bin\Debug\TAEM.Business.dll" />
      <DeploymentItem filename="NHibernate.config" />
      <DeploymentItem filename="C:\Users\ngcbassman\Documents\Visual Studio 2010\Projects\Taem\TAEM.Domain\bin\Debug\TAEM.Domain.dll" />
    </Deployment>
    <Execution>
      <TestTypeSpecific>
        <UnitTestRunConfig testTypeId="13cdc9d9-ddb5-4fa4-a97d-d965ccfc6d4b">
          <AssemblyResolution>
            <TestDirectory useLoadContext="true" />
          </AssemblyResolution>
        </UnitTestRunConfig>
        <WebTestRunConfiguration testTypeId="4e7599fa-5ecb-43e9-a887-cd63cf72d207">
          <Browser name="Internet Explorer 7.0">
            <Headers>
              <Header name="User-Agent" value="Mozilla/4.0 (compatible; MSIE 7.0; Windows NT 5.1)" />
              <Header name="Accept" value="*/*" />
              <Header name="Accept-Language" value="{{$IEAcceptLanguage}}" />
              <Header name="Accept-Encoding" value="GZIP" />
            </Headers>
          </Browser>
        </WebTestRunConfiguration>
      </TestTypeSpecific>
      <AgentRule name="LocalMachineDefaultRole">
      </AgentRule>
    </Execution>
  </TestSettings>
  <Times creation="2011-12-04T12:10:27.7897207-03:00" queuing="2011-12-04T12:10:28.9267857-03:00" start="2011-12-04T12:10:29.0557931-03:00" finish="2011-12-04T12:10:36.5422213-03:00" />
  <ResultSummary outcome="Completed">
    <Counters total="4" executed="4" passed="4" error="0" failed="0" timeout="0" aborted="0" inconclusive="0" passedButRunAborted="0" notRunnable="0" notExecuted="0" disconnected="0" warning="0" completed="0" inProgress="0" pending="0" />
  </ResultSummary>
  <TestDefinitions>
    <UnitTest name="ListUsuariosLugares" storage="c:\users\ngcbassman\documents\visual studio 2010\projects\taem\taem.business.test\bin\debug\taem.business.test.dll" id="a902bb5a-b83e-725c-8db7-d81b36a0863f">
      <Execution id="bbf96d23-1892-4da8-b2f9-36576b11fa64" />
      <TestMethod codeBase="C:/Users/ngcbassman/Documents/Visual Studio 2010/Projects/Taem/TAEM.Business.Test/bin/Debug/TAEM.Business.Test.DLL" adapterTypeName="Microsoft.VisualStudio.TestTools.TestTypes.Unit.UnitTestAdapter, Microsoft.VisualStudio.QualityTools.Tips.UnitTest.Adapter, Version=10.0.0.0, Culture=neutral, PublicKeyToken=b03f5f7f11d50a3a" className="TAEM.Business.Test.UsuarioBusinessTest, TAEM.Business.Test, Version=1.0.0.0, Culture=neutral, PublicKeyToken=null" name="ListUsuariosLugares" />
    </UnitTest>
    <UnitTest name="GetTiposEnsenanzaTest" storage="c:\users\ngcbassman\documents\visual studio 2010\projects\taem\taem.business.test\bin\debug\taem.business.test.dll" id="a92f091a-a91e-c33f-ccef-644d3fed844b">
      <Execution id="13998f25-bac6-4a1e-938d-1da65a668dfa" />
      <TestMethod codeBase="C:/Users/ngcbassman/Documents/Visual Studio 2010/Projects/Taem/TAEM.Business.Test/bin/Debug/TAEM.Business.Test.DLL" adapterTypeName="Microsoft.VisualStudio.TestTools.TestTypes.Unit.UnitTestAdapter, Microsoft.VisualStudio.QualityTools.Tips.UnitTest.Adapter, Version=10.0.0.0, Culture=neutral, PublicKeyToken=b03f5f7f11d50a3a" className="TAEM.Business.Test.EstablecimientoBusinessTest, TAEM.Business.Test, Version=1.0.0.0, Culture=neutral, PublicKeyToken=null" name="GetTiposEnsenanzaTest" />
    </UnitTest>
    <UnitTest name="ListDonacion" storage="c:\users\ngcbassman\documents\visual studio 2010\projects\taem\taem.business.test\bin\debug\taem.business.test.dll" id="fdea4f8a-f669-e949-eceb-4cf82ec8c8e2">
      <Execution id="dddb8b92-ca08-4e4c-827a-a6eeeb5f38e5" />
      <TestMethod codeBase="C:/Users/ngcbassman/Documents/Visual Studio 2010/Projects/Taem/TAEM.Business.Test/bin/Debug/TAEM.Business.Test.DLL" adapterTypeName="Microsoft.VisualStudio.TestTools.TestTypes.Unit.UnitTestAdapter, Microsoft.VisualStudio.QualityTools.Tips.UnitTest.Adapter, Version=10.0.0.0, Culture=neutral, PublicKeyToken=b03f5f7f11d50a3a" className="TAEM.Business.Test.DonacionBussinesTest, TAEM.Business.Test, Version=1.0.0.0, Culture=neutral, PublicKeyToken=null" name="ListDonacion" />
    </UnitTest>
    <UnitTest name="ListUsuariosTest" storage="c:\users\ngcbassman\documents\visual studio 2010\projects\taem\taem.business.test\bin\debug\taem.business.test.dll" id="a90d8dac-173e-5a5c-8374-28876bfbf1ae">
      <Execution id="9b8ae991-70e9-4bfb-999a-a90e4b5dbb10" />
      <TestMethod codeBase="C:/Users/ngcbassman/Documents/Visual Studio 2010/Projects/Taem/TAEM.Business.Test/bin/Debug/TAEM.Business.Test.DLL" adapterTypeName="Microsoft.VisualStudio.TestTools.TestTypes.Unit.UnitTestAdapter, Microsoft.VisualStudio.QualityTools.Tips.UnitTest.Adapter, Version=10.0.0.0, Culture=neutral, PublicKeyToken=b03f5f7f11d50a3a" className="TAEM.Business.Test.UsuarioBusinessTest, TAEM.Business.Test, Version=1.0.0.0, Culture=neutral, PublicKeyToken=null" name="ListUsuariosTest" />
    </UnitTest>
  </TestDefinitions>
  <TestLists>
    <TestList name="Results Not in a List" id="8c84fa94-04c1-424b-9868-57a2d4851a1d" />
    <TestList name="All Loaded Results" id="19431567-8539-422a-85d7-44ee4e166bda" />
  </TestLists>
  <TestEntries>
    <TestEntry testId="fdea4f8a-f669-e949-eceb-4cf82ec8c8e2" executionId="dddb8b92-ca08-4e4c-827a-a6eeeb5f38e5" testListId="8c84fa94-04c1-424b-9868-57a2d4851a1d" />
    <TestEntry testId="a90d8dac-173e-5a5c-8374-28876bfbf1ae" executionId="9b8ae991-70e9-4bfb-999a-a90e4b5dbb10" testListId="8c84fa94-04c1-424b-9868-57a2d4851a1d" />
    <TestEntry testId="a902bb5a-b83e-725c-8db7-d81b36a0863f" executionId="bbf96d23-1892-4da8-b2f9-36576b11fa64" testListId="8c84fa94-04c1-424b-9868-57a2d4851a1d" />
    <TestEntry testId="a92f091a-a91e-c33f-ccef-644d3fed844b" executionId="13998f25-bac6-4a1e-938d-1da65a668dfa" testListId="8c84fa94-04c1-424b-9868-57a2d4851a1d" />
  </TestEntries>
  <Results>
    <UnitTestResult executionId="dddb8b92-ca08-4e4c-827a-a6eeeb5f38e5" testId="fdea4f8a-f669-e949-eceb-4cf82ec8c8e2" testName="ListDonacion" computerName="NGCBASSMAN-NOTE" duration="00:00:06.3003582" startTime="2011-12-04T12:10:29.1257971-03:00" endTime="2011-12-04T12:10:36.2752060-03:00" testType="13cdc9d9-ddb5-4fa4-a97d-d965ccfc6d4b" outcome="Passed" testListId="8c84fa94-04c1-424b-9868-57a2d4851a1d" relativeResultsDirectory="dddb8b92-ca08-4e4c-827a-a6eeeb5f38e5">
    </UnitTestResult>
    <UnitTestResult executionId="9b8ae991-70e9-4bfb-999a-a90e4b5dbb10" testId="a90d8dac-173e-5a5c-8374-28876bfbf1ae" testName="ListUsuariosTest" computerName="NGCBASSMAN-NOTE" duration="00:00:00.0963877" startTime="2011-12-04T12:10:36.2822064-03:00" endTime="2011-12-04T12:10:36.3852123-03:00" testType="13cdc9d9-ddb5-4fa4-a97d-d965ccfc6d4b" outcome="Passed" testListId="8c84fa94-04c1-424b-9868-57a2d4851a1d" relativeResultsDirectory="9b8ae991-70e9-4bfb-999a-a90e4b5dbb10">
    </UnitTestResult>
    <UnitTestResult executionId="bbf96d23-1892-4da8-b2f9-36576b11fa64" testId="a902bb5a-b83e-725c-8db7-d81b36a0863f" testName="ListUsuariosLugares" computerName="NGCBASSMAN-NOTE" duration="00:00:00.0388526" startTime="2011-12-04T12:10:36.3902126-03:00" endTime="2011-12-04T12:10:36.4392154-03:00" testType="13cdc9d9-ddb5-4fa4-a97d-d965ccfc6d4b" outcome="Passed" testListId="8c84fa94-04c1-424b-9868-57a2d4851a1d" relativeResultsDirectory="bbf96d23-1892-4da8-b2f9-36576b11fa64">
    </UnitTestResult>
    <UnitTestResult executionId="13998f25-bac6-4a1e-938d-1da65a668dfa" testId="a92f091a-a91e-c33f-ccef-644d3fed844b" testName="GetTiposEnsenanzaTest" computerName="NGCBASSMAN-NOTE" duration="00:00:00.0221527" startTime="2011-12-04T12:10:36.4432156-03:00" endTime="2011-12-04T12:10:36.4722173-03:00" testType="13cdc9d9-ddb5-4fa4-a97d-d965ccfc6d4b" outcome="Passed" testListId="8c84fa94-04c1-424b-9868-57a2d4851a1d" relativeResultsDirectory="13998f25-bac6-4a1e-938d-1da65a668dfa">
    </UnitTestResult>
  </Results>
</TestRun>