<?xml version="1.0" encoding="UTF-8"?>
<TestRun id="be9773b6-c1bf-4575-8677-e8b3b34b781f" name="ngcbassman@NGCBASSMAN-NOTE 2011-12-04 09:56:23" runUser="NGCBASSMAN-NOTE\ngcbassman" xmlns="http://microsoft.com/schemas/VisualStudio/TeamTest/2010">
  <TestSettings name="Local" id="b4791b2a-ba4a-40d1-9363-9a64eaad0ef8">
    <Description>These are default test settings for a local test run.</Description>
    <Deployment runDeploymentRoot="ngcbassman_NGCBASSMAN-NOTE 2011-12-04 09_56_23">
      <DeploymentItem filename="C:\Users\ngcbassman\Documents\Visual Studio 2010\Projects\Taem\TAEM.Business\bin\Debug\TAEM.Business.dll" />
      <DeploymentItem filename="NHibernate.config" />
      <DeploymentItem filename="C:\Users\ngcbassman\Documents\Visual Studio 2010\Projects\Taem\TAEM.Domain\bin\Debug\TAEM.Domain.dll" />
    </Deployment>
    <Execution>
      <TestTypeSpecific>
        <UnitTestRunConfig testTypeId="13cdc9d9-ddb5-4fa4-a97d-d965ccfc6d4b">
          <AssemblyResolution>
            <TestDirectory useLoadContext="true" />
          </AssemblyResolution>
        </UnitTestRunConfig>
        <WebTestRunConfiguration testTypeId="4e7599fa-5ecb-43e9-a887-cd63cf72d207">
          <Browser name="Internet Explorer 7.0">
            <Headers>
              <Header name="User-Agent" value="Mozilla/4.0 (compatible; MSIE 7.0; Windows NT 5.1)" />
              <Header name="Accept" value="*/*" />
              <Header name="Accept-Language" value="{{$IEAcceptLanguage}}" />
              <Header name="Accept-Encoding" value="GZIP" />
            </Headers>
          </Browser>
        </WebTestRunConfiguration>
      </TestTypeSpecific>
      <AgentRule name="LocalMachineDefaultRole">
      </AgentRule>
    </Execution>
  </TestSettings>
  <Times creation="2011-12-04T09:56:23.9716406-03:00" queuing="2011-12-04T09:56:26.1327642-03:00" start="2011-12-04T09:56:26.4357815-03:00" finish="2011-12-04T09:57:27.6222812-03:00" />
  <ResultSummary outcome="Error">
    <Counters total="1" executed="1" error="0" failed="0" timeout="0" aborted="1" inconclusive="0" passedButRunAborted="0" notRunnable="0" notExecuted="0" disconnected="0" warning="0" passed="0" completed="0" inProgress="0" pending="0" />
    <RunInfos>
      <RunInfo computerName="NGCBASSMAN-NOTE" outcome="Error" timestamp="2011-12-04T09:57:27.6212812-03:00">
        <Text>Test host process exited unexpectedly.</Text>
      </RunInfo>
    </RunInfos>
  </ResultSummary>
  <TestDefinitions>
    <UnitTest name="SendMessageTest" storage="c:\users\ngcbassman\documents\visual studio 2010\projects\taem\taem.business.test\bin\debug\taem.business.test.dll" id="2fb2021e-6341-4cb9-2da7-55bfe6694b45">
      <Execution id="0cce7811-8f72-4cf0-9767-4006777bdd4f" />
      <TestMethod codeBase="C:/Users/ngcbassman/Documents/Visual Studio 2010/Projects/Taem/TAEM.Business.Test/bin/Debug/TAEM.Business.Test.DLL" adapterTypeName="Microsoft.VisualStudio.TestTools.TestTypes.Unit.UnitTestAdapter, Microsoft.VisualStudio.QualityTools.Tips.UnitTest.Adapter, Version=10.0.0.0, Culture=neutral, PublicKeyToken=b03f5f7f11d50a3a" className="TAEM.Business.Test.TwitterComponentTest, TAEM.Business.Test, Version=1.0.0.0, Culture=neutral, PublicKeyToken=null" name="SendMessageTest" />
    </UnitTest>
  </TestDefinitions>
  <TestLists>
    <TestList name="Results Not in a List" id="8c84fa94-04c1-424b-9868-57a2d4851a1d" />
    <TestList name="All Loaded Results" id="19431567-8539-422a-85d7-44ee4e166bda" />
  </TestLists>
  <TestEntries>
    <TestEntry testId="2fb2021e-6341-4cb9-2da7-55bfe6694b45" executionId="0cce7811-8f72-4cf0-9767-4006777bdd4f" testListId="8c84fa94-04c1-424b-9868-57a2d4851a1d" />
  </TestEntries>
  <Results>
    <UnitTestResult executionId="0cce7811-8f72-4cf0-9767-4006777bdd4f" testId="2fb2021e-6341-4cb9-2da7-55bfe6694b45" testName="SendMessageTest" computerName="NGCBASSMAN-NOTE" duration="00:01:00.9394855" startTime="2011-12-04T09:56:26.6827957-03:00" endTime="2011-12-04T09:57:27.6222812-03:00" testType="13cdc9d9-ddb5-4fa4-a97d-d965ccfc6d4b" outcome="Aborted" testListId="8c84fa94-04c1-424b-9868-57a2d4851a1d" relativeResultsDirectory="0cce7811-8f72-4cf0-9767-4006777bdd4f">
    </UnitTestResult>
  </Results>
</TestRun>