<?xml version="1.0" encoding="UTF-8"?>
<TestRun id="58c71fe6-90f3-4a41-a143-a94186f41c73" name="ngcbassman@NGCBASSMAN-NOTE 2011-12-04 12:09:00" runUser="NGCBASSMAN-NOTE\ngcbassman" xmlns="http://microsoft.com/schemas/VisualStudio/TeamTest/2010">
  <TestSettings name="Local" id="b4791b2a-ba4a-40d1-9363-9a64eaad0ef8">
    <Description>These are default test settings for a local test run.</Description>
    <Deployment runDeploymentRoot="ngcbassman_NGCBASSMAN-NOTE 2011-12-04 12_09_00">
      <DeploymentItem filename="C:\Users\ngcbassman\Documents\Visual Studio 2010\Projects\Taem\TAEM.Business\bin\Debug\TAEM.Business.dll" />
      <DeploymentItem filename="NHibernate.config" />
      <DeploymentItem filename="C:\Users\ngcbassman\Documents\Visual Studio 2010\Projects\Taem\TAEM.Domain\bin\Debug\TAEM.Domain.dll" />
    </Deployment>
    <Execution>
      <TestTypeSpecific>
        <UnitTestRunConfig testTypeId="13cdc9d9-ddb5-4fa4-a97d-d965ccfc6d4b">
          <AssemblyResolution>
            <TestDirectory useLoadContext="true" />
          </AssemblyResolution>
        </UnitTestRunConfig>
        <WebTestRunConfiguration testTypeId="4e7599fa-5ecb-43e9-a887-cd63cf72d207">
          <Browser name="Internet Explorer 7.0">
            <Headers>
              <Header name="User-Agent" value="Mozilla/4.0 (compatible; MSIE 7.0; Windows NT 5.1)" />
              <Header name="Accept" value="*/*" />
              <Header name="Accept-Language" value="{{$IEAcceptLanguage}}" />
              <Header name="Accept-Encoding" value="GZIP" />
            </Headers>
          </Browser>
        </WebTestRunConfiguration>
      </TestTypeSpecific>
      <AgentRule name="LocalMachineDefaultRole">
      </AgentRule>
    </Execution>
  </TestSettings>
  <Times creation="2011-12-04T12:09:00.0627030-03:00" queuing="2011-12-04T12:09:04.9599831-03:00" start="2011-12-04T12:09:05.7170264-03:00" finish="2011-12-04T12:09:54.3268067-03:00" />
  <ResultSummary outcome="Completed">
    <Counters total="1" executed="1" passed="1" error="0" failed="0" timeout="0" aborted="0" inconclusive="0" passedButRunAborted="0" notRunnable="0" notExecuted="0" disconnected="0" warning="0" completed="0" inProgress="0" pending="0" />
  </ResultSummary>
  <TestDefinitions>
    <UnitTest name="GetTiposEnsenanzaTest" storage="c:\users\ngcbassman\documents\visual studio 2010\projects\taem\taem.business.test\bin\debug\taem.business.test.dll" id="a92f091a-a91e-c33f-ccef-644d3fed844b">
      <Execution id="d3d94cc2-ad4b-43bd-b621-8f07b5b26b18" />
      <TestMethod codeBase="C:/Users/ngcbassman/Documents/Visual Studio 2010/Projects/Taem/TAEM.Business.Test/bin/Debug/TAEM.Business.Test.DLL" adapterTypeName="Microsoft.VisualStudio.TestTools.TestTypes.Unit.UnitTestAdapter, Microsoft.VisualStudio.QualityTools.Tips.UnitTest.Adapter, Version=10.0.0.0, Culture=neutral, PublicKeyToken=b03f5f7f11d50a3a" className="TAEM.Business.Test.EstablecimientoBusinessTest, TAEM.Business.Test, Version=1.0.0.0, Culture=neutral, PublicKeyToken=null" name="GetTiposEnsenanzaTest" />
    </UnitTest>
  </TestDefinitions>
  <TestLists>
    <TestList name="Results Not in a List" id="8c84fa94-04c1-424b-9868-57a2d4851a1d" />
    <TestList name="All Loaded Results" id="19431567-8539-422a-85d7-44ee4e166bda" />
  </TestLists>
  <TestEntries>
    <TestEntry testId="a92f091a-a91e-c33f-ccef-644d3fed844b" executionId="d3d94cc2-ad4b-43bd-b621-8f07b5b26b18" testListId="8c84fa94-04c1-424b-9868-57a2d4851a1d" />
  </TestEntries>
  <Results>
    <UnitTestResult executionId="d3d94cc2-ad4b-43bd-b621-8f07b5b26b18" testId="a92f091a-a91e-c33f-ccef-644d3fed844b" testName="GetTiposEnsenanzaTest" computerName="NGCBASSMAN-NOTE" duration="00:00:40.3438425" startTime="2011-12-04T12:09:06.3330616-03:00" endTime="2011-12-04T12:09:52.3936961-03:00" testType="13cdc9d9-ddb5-4fa4-a97d-d965ccfc6d4b" outcome="Passed" testListId="8c84fa94-04c1-424b-9868-57a2d4851a1d" relativeResultsDirectory="d3d94cc2-ad4b-43bd-b621-8f07b5b26b18">
    </UnitTestResult>
  </Results>
</TestRun>