<?xml version="1.0" encoding="UTF-8"?>
<TestRun id="98101c2c-02a3-412c-883d-b0caebcc3e2e" name="ngcbassman@NGCBASSMAN-NOTE 2011-12-04 05:19:20" runUser="NGCBASSMAN-NOTE\ngcbassman" xmlns="http://microsoft.com/schemas/VisualStudio/TeamTest/2010">
  <TestSettings name="Local" id="b4791b2a-ba4a-40d1-9363-9a64eaad0ef8">
    <Description>These are default test settings for a local test run.</Description>
    <Deployment runDeploymentRoot="ngcbassman_NGCBASSMAN-NOTE 2011-12-04 05_19_20">
      <DeploymentItem filename="C:\Users\ngcbassman\Documents\Visual Studio 2010\Projects\Taem\TAEM.Business\bin\Debug\TAEM.Business.dll" />
      <DeploymentItem filename="NHibernate.config" />
      <DeploymentItem filename="C:\Users\ngcbassman\Documents\Visual Studio 2010\Projects\Taem\TAEM.Domain\bin\Debug\TAEM.Domain.dll" />
    </Deployment>
    <Execution>
      <TestTypeSpecific>
        <UnitTestRunConfig testTypeId="13cdc9d9-ddb5-4fa4-a97d-d965ccfc6d4b">
          <AssemblyResolution>
            <TestDirectory useLoadContext="true" />
          </AssemblyResolution>
        </UnitTestRunConfig>
        <WebTestRunConfiguration testTypeId="4e7599fa-5ecb-43e9-a887-cd63cf72d207">
          <Browser name="Internet Explorer 7.0">
            <Headers>
              <Header name="User-Agent" value="Mozilla/4.0 (compatible; MSIE 7.0; Windows NT 5.1)" />
              <Header name="Accept" value="*/*" />
              <Header name="Accept-Language" value="{{$IEAcceptLanguage}}" />
              <Header name="Accept-Encoding" value="GZIP" />
            </Headers>
          </Browser>
        </WebTestRunConfiguration>
      </TestTypeSpecific>
      <AgentRule name="LocalMachineDefaultRole">
      </AgentRule>
    </Execution>
  </TestSettings>
  <Times creation="2011-12-04T05:19:20.8728537-03:00" queuing="2011-12-04T05:19:22.6809572-03:00" start="2011-12-04T05:19:23.1369832-03:00" finish="2011-12-04T05:19:36.8217660-03:00" />
  <ResultSummary outcome="Error">
    <Counters total="1" executed="1" error="0" failed="0" timeout="0" aborted="1" inconclusive="0" passedButRunAborted="0" notRunnable="0" notExecuted="0" disconnected="0" warning="0" passed="0" completed="0" inProgress="0" pending="0" />
    <RunInfos>
      <RunInfo computerName="NGCBASSMAN-NOTE" outcome="Error" timestamp="2011-12-04T05:19:36.8207659-03:00">
        <Text>Test host process exited unexpectedly.</Text>
      </RunInfo>
    </RunInfos>
  </ResultSummary>
  <TestDefinitions>
    <UnitTest name="GetProyectosTest" storage="c:\users\ngcbassman\documents\visual studio 2010\projects\taem\taem.business.test\bin\debug\taem.business.test.dll" id="86fbaec5-5014-875a-c8be-f4db064979cb">
      <Execution id="eaea9fd1-cfeb-4b63-91d9-c2f63679f621" />
      <TestMethod codeBase="C:/Users/ngcbassman/Documents/Visual Studio 2010/Projects/Taem/TAEM.Business.Test/bin/Debug/TAEM.Business.Test.DLL" adapterTypeName="Microsoft.VisualStudio.TestTools.TestTypes.Unit.UnitTestAdapter, Microsoft.VisualStudio.QualityTools.Tips.UnitTest.Adapter, Version=10.0.0.0, Culture=neutral, PublicKeyToken=b03f5f7f11d50a3a" className="TAEM.Business.Test.ProyectoBusinessTest, TAEM.Business.Test, Version=1.0.0.0, Culture=neutral, PublicKeyToken=null" name="GetProyectosTest" />
    </UnitTest>
  </TestDefinitions>
  <TestLists>
    <TestList name="Results Not in a List" id="8c84fa94-04c1-424b-9868-57a2d4851a1d" />
    <TestList name="All Loaded Results" id="19431567-8539-422a-85d7-44ee4e166bda" />
  </TestLists>
  <TestEntries>
    <TestEntry testId="86fbaec5-5014-875a-c8be-f4db064979cb" executionId="eaea9fd1-cfeb-4b63-91d9-c2f63679f621" testListId="8c84fa94-04c1-424b-9868-57a2d4851a1d" />
  </TestEntries>
  <Results>
    <UnitTestResult executionId="eaea9fd1-cfeb-4b63-91d9-c2f63679f621" testId="86fbaec5-5014-875a-c8be-f4db064979cb" testName="GetProyectosTest" computerName="NGCBASSMAN-NOTE" duration="00:00:13.2677589" startTime="2011-12-04T05:19:23.5540071-03:00" endTime="2011-12-04T05:19:36.8217660-03:00" testType="13cdc9d9-ddb5-4fa4-a97d-d965ccfc6d4b" outcome="Aborted" testListId="8c84fa94-04c1-424b-9868-57a2d4851a1d" relativeResultsDirectory="eaea9fd1-cfeb-4b63-91d9-c2f63679f621">
    </UnitTestResult>
  </Results>
</TestRun>