<?xml version="1.0" encoding="UTF-8"?>
<TestRun id="4bfbf328-72f1-4198-9d9b-0357aec63dd8" name="ngcbassman@NGCBASSMAN-NOTE 2011-12-04 08:48:00" runUser="NGCBASSMAN-NOTE\ngcbassman" xmlns="http://microsoft.com/schemas/VisualStudio/TeamTest/2010">
  <TestSettings name="Local" id="b4791b2a-ba4a-40d1-9363-9a64eaad0ef8">
    <Description>These are default test settings for a local test run.</Description>
    <Deployment runDeploymentRoot="ngcbassman_NGCBASSMAN-NOTE 2011-12-04 08_48_00">
      <DeploymentItem filename="C:\Users\ngcbassman\Documents\Visual Studio 2010\Projects\Taem\TAEM.Business\bin\Debug\TAEM.Business.dll" />
      <DeploymentItem filename="NHibernate.config" />
      <DeploymentItem filename="C:\Users\ngcbassman\Documents\Visual Studio 2010\Projects\Taem\TAEM.Domain\bin\Debug\TAEM.Domain.dll" />
    </Deployment>
    <Execution>
      <TestTypeSpecific>
        <UnitTestRunConfig testTypeId="13cdc9d9-ddb5-4fa4-a97d-d965ccfc6d4b">
          <AssemblyResolution>
            <TestDirectory useLoadContext="true" />
          </AssemblyResolution>
        </UnitTestRunConfig>
        <WebTestRunConfiguration testTypeId="4e7599fa-5ecb-43e9-a887-cd63cf72d207">
          <Browser name="Internet Explorer 7.0">
            <Headers>
              <Header name="User-Agent" value="Mozilla/4.0 (compatible; MSIE 7.0; Windows NT 5.1)" />
              <Header name="Accept" value="*/*" />
              <Header name="Accept-Language" value="{{$IEAcceptLanguage}}" />
              <Header name="Accept-Encoding" value="GZIP" />
            </Headers>
          </Browser>
        </WebTestRunConfiguration>
      </TestTypeSpecific>
      <AgentRule name="LocalMachineDefaultRole">
      </AgentRule>
    </Execution>
  </TestSettings>
  <Times creation="2011-12-04T08:48:00.4259312-03:00" queuing="2011-12-04T08:48:01.3409835-03:00" start="2011-12-04T08:48:01.4529900-03:00" finish="2011-12-04T08:48:04.4281601-03:00" />
  <ResultSummary outcome="Completed">
    <Counters total="3" executed="3" passed="3" error="0" failed="0" timeout="0" aborted="0" inconclusive="0" passedButRunAborted="0" notRunnable="0" notExecuted="0" disconnected="0" warning="0" completed="0" inProgress="0" pending="0" />
  </ResultSummary>
  <TestDefinitions>
    <UnitTest name="ListUsuariosLugares" storage="c:\users\ngcbassman\documents\visual studio 2010\projects\taem\taem.business.test\bin\debug\taem.business.test.dll" id="a902bb5a-b83e-725c-8db7-d81b36a0863f">
      <Execution id="4e98f8ef-0cba-4bc1-8843-fb1fa6b7f95f" />
      <TestMethod codeBase="C:/Users/ngcbassman/Documents/Visual Studio 2010/Projects/Taem/TAEM.Business.Test/bin/Debug/TAEM.Business.Test.DLL" adapterTypeName="Microsoft.VisualStudio.TestTools.TestTypes.Unit.UnitTestAdapter, Microsoft.VisualStudio.QualityTools.Tips.UnitTest.Adapter, Version=10.0.0.0, Culture=neutral, PublicKeyToken=b03f5f7f11d50a3a" className="TAEM.Business.Test.UsuarioBusinessTest, TAEM.Business.Test, Version=1.0.0.0, Culture=neutral, PublicKeyToken=null" name="ListUsuariosLugares" />
    </UnitTest>
    <UnitTest name="ListDonacion" storage="c:\users\ngcbassman\documents\visual studio 2010\projects\taem\taem.business.test\bin\debug\taem.business.test.dll" id="fdea4f8a-f669-e949-eceb-4cf82ec8c8e2">
      <Execution id="cc17f0f5-bd4f-4d82-b8c2-6e27a0abb473" />
      <TestMethod codeBase="C:/Users/ngcbassman/Documents/Visual Studio 2010/Projects/Taem/TAEM.Business.Test/bin/Debug/TAEM.Business.Test.DLL" adapterTypeName="Microsoft.VisualStudio.TestTools.TestTypes.Unit.UnitTestAdapter, Microsoft.VisualStudio.QualityTools.Tips.UnitTest.Adapter, Version=10.0.0.0, Culture=neutral, PublicKeyToken=b03f5f7f11d50a3a" className="TAEM.Business.Test.DonacionBussinesTest, TAEM.Business.Test, Version=1.0.0.0, Culture=neutral, PublicKeyToken=null" name="ListDonacion" />
    </UnitTest>
    <UnitTest name="ListUsuariosTest" storage="c:\users\ngcbassman\documents\visual studio 2010\projects\taem\taem.business.test\bin\debug\taem.business.test.dll" id="a90d8dac-173e-5a5c-8374-28876bfbf1ae">
      <Execution id="2165b5fc-4883-4332-a563-ffeeb1cce4ed" />
      <TestMethod codeBase="C:/Users/ngcbassman/Documents/Visual Studio 2010/Projects/Taem/TAEM.Business.Test/bin/Debug/TAEM.Business.Test.DLL" adapterTypeName="Microsoft.VisualStudio.TestTools.TestTypes.Unit.UnitTestAdapter, Microsoft.VisualStudio.QualityTools.Tips.UnitTest.Adapter, Version=10.0.0.0, Culture=neutral, PublicKeyToken=b03f5f7f11d50a3a" className="TAEM.Business.Test.UsuarioBusinessTest, TAEM.Business.Test, Version=1.0.0.0, Culture=neutral, PublicKeyToken=null" name="ListUsuariosTest" />
    </UnitTest>
  </TestDefinitions>
  <TestLists>
    <TestList name="Results Not in a List" id="8c84fa94-04c1-424b-9868-57a2d4851a1d" />
    <TestList name="All Loaded Results" id="19431567-8539-422a-85d7-44ee4e166bda" />
  </TestLists>
  <TestEntries>
    <TestEntry testId="fdea4f8a-f669-e949-eceb-4cf82ec8c8e2" executionId="cc17f0f5-bd4f-4d82-b8c2-6e27a0abb473" testListId="8c84fa94-04c1-424b-9868-57a2d4851a1d" />
    <TestEntry testId="a90d8dac-173e-5a5c-8374-28876bfbf1ae" executionId="2165b5fc-4883-4332-a563-ffeeb1cce4ed" testListId="8c84fa94-04c1-424b-9868-57a2d4851a1d" />
    <TestEntry testId="a902bb5a-b83e-725c-8db7-d81b36a0863f" executionId="4e98f8ef-0cba-4bc1-8843-fb1fa6b7f95f" testListId="8c84fa94-04c1-424b-9868-57a2d4851a1d" />
  </TestEntries>
  <Results>
    <UnitTestResult executionId="cc17f0f5-bd4f-4d82-b8c2-6e27a0abb473" testId="fdea4f8a-f669-e949-eceb-4cf82ec8c8e2" testName="ListDonacion" computerName="NGCBASSMAN-NOTE" duration="00:00:02.4499118" startTime="2011-12-04T08:48:01.4649906-03:00" endTime="2011-12-04T08:48:04.2671509-03:00" testType="13cdc9d9-ddb5-4fa4-a97d-d965ccfc6d4b" outcome="Passed" testListId="8c84fa94-04c1-424b-9868-57a2d4851a1d" relativeResultsDirectory="cc17f0f5-bd4f-4d82-b8c2-6e27a0abb473">
    </UnitTestResult>
    <UnitTestResult executionId="2165b5fc-4883-4332-a563-ffeeb1cce4ed" testId="a90d8dac-173e-5a5c-8374-28876bfbf1ae" testName="ListUsuariosTest" computerName="NGCBASSMAN-NOTE" duration="00:00:00.0326343" startTime="2011-12-04T08:48:04.2701511-03:00" endTime="2011-12-04T08:48:04.3061531-03:00" testType="13cdc9d9-ddb5-4fa4-a97d-d965ccfc6d4b" outcome="Passed" testListId="8c84fa94-04c1-424b-9868-57a2d4851a1d" relativeResultsDirectory="2165b5fc-4883-4332-a563-ffeeb1cce4ed">
    </UnitTestResult>
    <UnitTestResult executionId="4e98f8ef-0cba-4bc1-8843-fb1fa6b7f95f" testId="a902bb5a-b83e-725c-8db7-d81b36a0863f" testName="ListUsuariosLugares" computerName="NGCBASSMAN-NOTE" duration="00:00:00.0180382" startTime="2011-12-04T08:48:04.3081533-03:00" endTime="2011-12-04T08:48:04.3291545-03:00" testType="13cdc9d9-ddb5-4fa4-a97d-d965ccfc6d4b" outcome="Passed" testListId="8c84fa94-04c1-424b-9868-57a2d4851a1d" relativeResultsDirectory="4e98f8ef-0cba-4bc1-8843-fb1fa6b7f95f">
    </UnitTestResult>
  </Results>
</TestRun>