<?xml version="1.0" encoding="UTF-8"?>
<TestRun id="f7bff7c3-82ec-46b5-a075-6e943e1fa0ad" name="ngcbassman@NGCBASSMAN-NOTE 2011-12-04 03:49:22" runUser="NGCBASSMAN-NOTE\ngcbassman" xmlns="http://microsoft.com/schemas/VisualStudio/TeamTest/2010">
  <TestSettings name="Local" id="b4791b2a-ba4a-40d1-9363-9a64eaad0ef8">
    <Description>These are default test settings for a local test run.</Description>
    <Deployment runDeploymentRoot="ngcbassman_NGCBASSMAN-NOTE 2011-12-04 03_49_22">
      <DeploymentItem filename="C:\Users\ngcbassman\Documents\Visual Studio 2010\Projects\Taem\TAEM.Business\bin\Debug\TAEM.Business.dll" />
      <DeploymentItem filename="NHibernate.config" />
      <DeploymentItem filename="C:\Users\ngcbassman\Documents\Visual Studio 2010\Projects\Taem\TAEM.Domain\bin\Debug\TAEM.Domain.dll" />
    </Deployment>
    <Execution>
      <TestTypeSpecific>
        <UnitTestRunConfig testTypeId="13cdc9d9-ddb5-4fa4-a97d-d965ccfc6d4b">
          <AssemblyResolution>
            <TestDirectory useLoadContext="true" />
          </AssemblyResolution>
        </UnitTestRunConfig>
        <WebTestRunConfiguration testTypeId="4e7599fa-5ecb-43e9-a887-cd63cf72d207">
          <Browser name="Internet Explorer 7.0">
            <Headers>
              <Header name="User-Agent" value="Mozilla/4.0 (compatible; MSIE 7.0; Windows NT 5.1)" />
              <Header name="Accept" value="*/*" />
              <Header name="Accept-Language" value="{{$IEAcceptLanguage}}" />
              <Header name="Accept-Encoding" value="GZIP" />
            </Headers>
          </Browser>
        </WebTestRunConfiguration>
      </TestTypeSpecific>
      <AgentRule name="LocalMachineDefaultRole">
      </AgentRule>
    </Execution>
  </TestSettings>
  <Times creation="2011-12-04T03:49:22.1650653-03:00" queuing="2011-12-04T03:49:23.0441156-03:00" start="2011-12-04T03:49:23.1421212-03:00" finish="2011-12-04T03:49:26.3393041-03:00" />
  <ResultSummary outcome="Completed">
    <Counters total="2" executed="2" passed="2" error="0" failed="0" timeout="0" aborted="0" inconclusive="0" passedButRunAborted="0" notRunnable="0" notExecuted="0" disconnected="0" warning="0" completed="0" inProgress="0" pending="0" />
  </ResultSummary>
  <TestDefinitions>
    <UnitTest name="GetLugaresTest" storage="c:\users\ngcbassman\documents\visual studio 2010\projects\taem\taem.business.test\bin\debug\taem.business.test.dll" id="dcaab553-68c5-c3bb-bc12-44839f527c6b">
      <Execution id="7bb62740-2f24-43d9-9e95-0c1f9efd895f" />
      <TestMethod codeBase="C:/Users/ngcbassman/Documents/Visual Studio 2010/Projects/Taem/TAEM.Business.Test/bin/Debug/TAEM.Business.Test.DLL" adapterTypeName="Microsoft.VisualStudio.TestTools.TestTypes.Unit.UnitTestAdapter, Microsoft.VisualStudio.QualityTools.Tips.UnitTest.Adapter, Version=10.0.0.0, Culture=neutral, PublicKeyToken=b03f5f7f11d50a3a" className="TAEM.Business.Test.LugarBusinessTest, TAEM.Business.Test, Version=1.0.0.0, Culture=neutral, PublicKeyToken=null" name="GetLugaresTest" />
    </UnitTest>
    <UnitTest name="ListUsuariosTest" storage="c:\users\ngcbassman\documents\visual studio 2010\projects\taem\taem.business.test\bin\debug\taem.business.test.dll" id="a90d8dac-173e-5a5c-8374-28876bfbf1ae">
      <Execution id="e6ae45a3-6fbe-4668-a9b3-d7c09ad96ef2" />
      <TestMethod codeBase="C:/Users/ngcbassman/Documents/Visual Studio 2010/Projects/Taem/TAEM.Business.Test/bin/Debug/TAEM.Business.Test.DLL" adapterTypeName="Microsoft.VisualStudio.TestTools.TestTypes.Unit.UnitTestAdapter, Microsoft.VisualStudio.QualityTools.Tips.UnitTest.Adapter, Version=10.0.0.0, Culture=neutral, PublicKeyToken=b03f5f7f11d50a3a" className="TAEM.Business.Test.UsuarioBusinessTest, TAEM.Business.Test, Version=1.0.0.0, Culture=neutral, PublicKeyToken=null" name="ListUsuariosTest" />
    </UnitTest>
  </TestDefinitions>
  <TestLists>
    <TestList name="Results Not in a List" id="8c84fa94-04c1-424b-9868-57a2d4851a1d" />
    <TestList name="All Loaded Results" id="19431567-8539-422a-85d7-44ee4e166bda" />
  </TestLists>
  <TestEntries>
    <TestEntry testId="dcaab553-68c5-c3bb-bc12-44839f527c6b" executionId="7bb62740-2f24-43d9-9e95-0c1f9efd895f" testListId="8c84fa94-04c1-424b-9868-57a2d4851a1d" />
    <TestEntry testId="a90d8dac-173e-5a5c-8374-28876bfbf1ae" executionId="e6ae45a3-6fbe-4668-a9b3-d7c09ad96ef2" testListId="8c84fa94-04c1-424b-9868-57a2d4851a1d" />
  </TestEntries>
  <Results>
    <UnitTestResult executionId="7bb62740-2f24-43d9-9e95-0c1f9efd895f" testId="dcaab553-68c5-c3bb-bc12-44839f527c6b" testName="GetLugaresTest" computerName="NGCBASSMAN-NOTE" duration="00:00:02.6186559" startTime="2011-12-04T03:49:23.1561220-03:00" endTime="2011-12-04T03:49:26.2282977-03:00" testType="13cdc9d9-ddb5-4fa4-a97d-d965ccfc6d4b" outcome="Passed" testListId="8c84fa94-04c1-424b-9868-57a2d4851a1d" relativeResultsDirectory="7bb62740-2f24-43d9-9e95-0c1f9efd895f">
    </UnitTestResult>
    <UnitTestResult executionId="e6ae45a3-6fbe-4668-a9b3-d7c09ad96ef2" testId="a90d8dac-173e-5a5c-8374-28876bfbf1ae" testName="ListUsuariosTest" computerName="NGCBASSMAN-NOTE" duration="00:00:00.0054656" startTime="2011-12-04T03:49:26.2312979-03:00" endTime="2011-12-04T03:49:26.2402984-03:00" testType="13cdc9d9-ddb5-4fa4-a97d-d965ccfc6d4b" outcome="Passed" testListId="8c84fa94-04c1-424b-9868-57a2d4851a1d" relativeResultsDirectory="e6ae45a3-6fbe-4668-a9b3-d7c09ad96ef2">
    </UnitTestResult>
  </Results>
</TestRun>