<?xml version="1.0" encoding="UTF-8"?>
<TestRun id="2fef4b5a-4b47-4645-99e8-99e842a1df5a" name="ngcbassman@NGCBASSMAN-NOTE 2011-12-04 05:56:56" runUser="NGCBASSMAN-NOTE\ngcbassman" xmlns="http://microsoft.com/schemas/VisualStudio/TeamTest/2010">
  <TestSettings name="Local" id="b4791b2a-ba4a-40d1-9363-9a64eaad0ef8">
    <Description>These are default test settings for a local test run.</Description>
    <Deployment runDeploymentRoot="ngcbassman_NGCBASSMAN-NOTE 2011-12-04 05_56_56">
      <DeploymentItem filename="C:\Users\ngcbassman\Documents\Visual Studio 2010\Projects\Taem\TAEM.Business\bin\Debug\TAEM.Business.dll" />
      <DeploymentItem filename="NHibernate.config" />
      <DeploymentItem filename="C:\Users\ngcbassman\Documents\Visual Studio 2010\Projects\Taem\TAEM.Domain\bin\Debug\TAEM.Domain.dll" />
    </Deployment>
    <Execution>
      <TestTypeSpecific>
        <UnitTestRunConfig testTypeId="13cdc9d9-ddb5-4fa4-a97d-d965ccfc6d4b">
          <AssemblyResolution>
            <TestDirectory useLoadContext="true" />
          </AssemblyResolution>
        </UnitTestRunConfig>
        <WebTestRunConfiguration testTypeId="4e7599fa-5ecb-43e9-a887-cd63cf72d207">
          <Browser name="Internet Explorer 7.0">
            <Headers>
              <Header name="User-Agent" value="Mozilla/4.0 (compatible; MSIE 7.0; Windows NT 5.1)" />
              <Header name="Accept" value="*/*" />
              <Header name="Accept-Language" value="{{$IEAcceptLanguage}}" />
              <Header name="Accept-Encoding" value="GZIP" />
            </Headers>
          </Browser>
        </WebTestRunConfiguration>
      </TestTypeSpecific>
      <AgentRule name="LocalMachineDefaultRole">
      </AgentRule>
    </Execution>
  </TestSettings>
  <Times creation="2011-12-04T05:56:56.6528770-03:00" queuing="2011-12-04T05:56:56.9678950-03:00" start="2011-12-04T05:56:57.0258983-03:00" finish="2011-12-04T05:57:01.3391450-03:00" />
  <ResultSummary outcome="Completed">
    <Counters total="3" executed="3" passed="3" error="0" failed="0" timeout="0" aborted="0" inconclusive="0" passedButRunAborted="0" notRunnable="0" notExecuted="0" disconnected="0" warning="0" completed="0" inProgress="0" pending="0" />
  </ResultSummary>
  <TestDefinitions>
    <UnitTest name="ListUsuariosLugares" storage="c:\users\ngcbassman\documents\visual studio 2010\projects\taem\taem.business.test\bin\debug\taem.business.test.dll" id="a902bb5a-b83e-725c-8db7-d81b36a0863f">
      <Execution id="3bd8dec7-0366-4fe7-8583-4e91dd15c3a3" />
      <TestMethod codeBase="C:/Users/ngcbassman/Documents/Visual Studio 2010/Projects/Taem/TAEM.Business.Test/bin/Debug/TAEM.Business.Test.DLL" adapterTypeName="Microsoft.VisualStudio.TestTools.TestTypes.Unit.UnitTestAdapter, Microsoft.VisualStudio.QualityTools.Tips.UnitTest.Adapter, Version=10.0.0.0, Culture=neutral, PublicKeyToken=b03f5f7f11d50a3a" className="TAEM.Business.Test.UsuarioBusinessTest, TAEM.Business.Test, Version=1.0.0.0, Culture=neutral, PublicKeyToken=null" name="ListUsuariosLugares" />
    </UnitTest>
    <UnitTest name="ListProyectosLugarTest" storage="c:\users\ngcbassman\documents\visual studio 2010\projects\taem\taem.business.test\bin\debug\taem.business.test.dll" id="c18ab26c-5ed1-fd46-caeb-63fcfa22843b">
      <Execution id="114514a5-9c83-4d36-91f6-7afedc247469" />
      <TestMethod codeBase="C:/Users/ngcbassman/Documents/Visual Studio 2010/Projects/Taem/TAEM.Business.Test/bin/Debug/TAEM.Business.Test.DLL" adapterTypeName="Microsoft.VisualStudio.TestTools.TestTypes.Unit.UnitTestAdapter, Microsoft.VisualStudio.QualityTools.Tips.UnitTest.Adapter, Version=10.0.0.0, Culture=neutral, PublicKeyToken=b03f5f7f11d50a3a" className="TAEM.Business.Test.LugarBusinessTest, TAEM.Business.Test, Version=1.0.0.0, Culture=neutral, PublicKeyToken=null" name="ListProyectosLugarTest" />
    </UnitTest>
    <UnitTest name="ListUsuariosTest" storage="c:\users\ngcbassman\documents\visual studio 2010\projects\taem\taem.business.test\bin\debug\taem.business.test.dll" id="a90d8dac-173e-5a5c-8374-28876bfbf1ae">
      <Execution id="280d5b05-6121-4b11-851f-f3232e4d8c9a" />
      <TestMethod codeBase="C:/Users/ngcbassman/Documents/Visual Studio 2010/Projects/Taem/TAEM.Business.Test/bin/Debug/TAEM.Business.Test.DLL" adapterTypeName="Microsoft.VisualStudio.TestTools.TestTypes.Unit.UnitTestAdapter, Microsoft.VisualStudio.QualityTools.Tips.UnitTest.Adapter, Version=10.0.0.0, Culture=neutral, PublicKeyToken=b03f5f7f11d50a3a" className="TAEM.Business.Test.UsuarioBusinessTest, TAEM.Business.Test, Version=1.0.0.0, Culture=neutral, PublicKeyToken=null" name="ListUsuariosTest" />
    </UnitTest>
  </TestDefinitions>
  <TestLists>
    <TestList name="Results Not in a List" id="8c84fa94-04c1-424b-9868-57a2d4851a1d" />
    <TestList name="All Loaded Results" id="19431567-8539-422a-85d7-44ee4e166bda" />
  </TestLists>
  <TestEntries>
    <TestEntry testId="a90d8dac-173e-5a5c-8374-28876bfbf1ae" executionId="280d5b05-6121-4b11-851f-f3232e4d8c9a" testListId="8c84fa94-04c1-424b-9868-57a2d4851a1d" />
    <TestEntry testId="a902bb5a-b83e-725c-8db7-d81b36a0863f" executionId="3bd8dec7-0366-4fe7-8583-4e91dd15c3a3" testListId="8c84fa94-04c1-424b-9868-57a2d4851a1d" />
    <TestEntry testId="c18ab26c-5ed1-fd46-caeb-63fcfa22843b" executionId="114514a5-9c83-4d36-91f6-7afedc247469" testListId="8c84fa94-04c1-424b-9868-57a2d4851a1d" />
  </TestEntries>
  <Results>
    <UnitTestResult executionId="280d5b05-6121-4b11-851f-f3232e4d8c9a" testId="a90d8dac-173e-5a5c-8374-28876bfbf1ae" testName="ListUsuariosTest" computerName="NGCBASSMAN-NOTE" duration="00:00:01.5985139" startTime="2011-12-04T05:56:57.0378990-03:00" endTime="2011-12-04T05:56:58.9940109-03:00" testType="13cdc9d9-ddb5-4fa4-a97d-d965ccfc6d4b" outcome="Passed" testListId="8c84fa94-04c1-424b-9868-57a2d4851a1d" relativeResultsDirectory="280d5b05-6121-4b11-851f-f3232e4d8c9a">
    </UnitTestResult>
    <UnitTestResult executionId="3bd8dec7-0366-4fe7-8583-4e91dd15c3a3" testId="a902bb5a-b83e-725c-8db7-d81b36a0863f" testName="ListUsuariosLugares" computerName="NGCBASSMAN-NOTE" duration="00:00:00.0408691" startTime="2011-12-04T05:56:58.9970110-03:00" endTime="2011-12-04T05:56:59.0410136-03:00" testType="13cdc9d9-ddb5-4fa4-a97d-d965ccfc6d4b" outcome="Passed" testListId="8c84fa94-04c1-424b-9868-57a2d4851a1d" relativeResultsDirectory="3bd8dec7-0366-4fe7-8583-4e91dd15c3a3">
    </UnitTestResult>
    <UnitTestResult executionId="114514a5-9c83-4d36-91f6-7afedc247469" testId="c18ab26c-5ed1-fd46-caeb-63fcfa22843b" testName="ListProyectosLugarTest" computerName="NGCBASSMAN-NOTE" duration="00:00:00.7419564" startTime="2011-12-04T05:56:59.0430137-03:00" endTime="2011-12-04T05:56:59.7880563-03:00" testType="13cdc9d9-ddb5-4fa4-a97d-d965ccfc6d4b" outcome="Passed" testListId="8c84fa94-04c1-424b-9868-57a2d4851a1d" relativeResultsDirectory="114514a5-9c83-4d36-91f6-7afedc247469">
    </UnitTestResult>
  </Results>
</TestRun>